<?xml version="1.0" encoding="UTF-8"?>
<!-- Generated by org.testng.reporters.JUnitReportReporter -->
<testsuite hostname="DESKTOP-P3CQ0KU" failures="0" tests="8" name="testcalculator" time="0.018" errors="0" timestamp="2021-12-17T12:36:30 IST" skipped="0">
  <testcase classname="testcalculator" name="testOneNumber" time="0.001"/>
  <system-out/>
  <testcase classname="testcalculator" name="testNegativeNumver" time="0.002"/>
  <system-out/>
  <testcase classname="testcalculator" name="testOtherDelimiter" time="0.001"/>
  <system-out/>
  <testcase classname="testcalculator" name="testNewLine" time="0.001"/>
  <system-out/>
  <testcase classname="testcalculator" name="testOverThousand" time="0.001"/>
  <system-out/>
  <testcase classname="testcalculator" name="testEmptyString" time="0.008"/>
  <system-out/>
  <testcase classname="testcalculator" name="testTwoNumbers" time="0.002"/>
  <system-out/>
  <testcase classname="testcalculator" name="testUnknowamountNumbers" time="0.002"/>
  <system-out/>
</testsuite> <!-- testcalculator -->
